-------------------------------------------------------------------------------
Test set: com.gdcho.security.entity.UsersTest
-------------------------------------------------------------------------------
Tests run: 1, Failures: 0, Errors: 1, Skipped: 0, Time elapsed: 9.636 s <<< FAILURE! - in com.gdcho.security.entity.UsersTest
createUser  Time elapsed: 0.388 s  <<< ERROR!
org.springframework.dao.InvalidDataAccessApiUsageException: org.hibernate.TransientObjectException: object references an unsaved transient instance - save the transient instance before flushing: com.gdcho.security.entity.Role
	at com.gdcho.security.entity.UsersTest.createUser(UsersTest.java:43)
Caused by: java.lang.IllegalStateException: org.hibernate.TransientObjectException: object references an unsaved transient instance - save the transient instance before flushing: com.gdcho.security.entity.Role
	at com.gdcho.security.entity.UsersTest.createUser(UsersTest.java:43)
Caused by: org.hibernate.TransientObjectException: object references an unsaved transient instance - save the transient instance before flushing: com.gdcho.security.entity.Role
	at com.gdcho.security.entity.UsersTest.createUser(UsersTest.java:43)

