<?xml version="1.0" encoding="UTF-8"?>
<testsuite xmlns:xsi="http://www.w3.org/2001/XMLSchema-instance" xsi:noNamespaceSchemaLocation="https://maven.apache.org/surefire/maven-surefire-plugin/xsd/surefire-test-report.xsd" name="com.gdcho.security.utils.JwtUtilsTest" time="0.036" tests="4" errors="0" skipped="0" failures="0">
  <properties>
[...]
</properties>
  <testcase name="getKeys" classname="com.gdcho.security.utils.JwtUtilsTest" time="0"/>
  <testcase name="createJWT" classname="com.gdcho.security.utils.JwtUtilsTest" time="0.024"/>
  <testcase name="parseJWT" classname="com.gdcho.security.utils.JwtUtilsTest" time="0.011"/>
  <testcase name="generatorKeys" classname="com.gdcho.security.utils.JwtUtilsTest" time="0.001"/>
</testsuite>